2024-05-04 16:08:25,283 [INFO] Activator:176 - 


2024-05-04 16:08:25,288 [INFO] Activator:177 - !SESSION log4j initialized
2024-05-04 16:08:28,569 [ERROR] LogOutputStream:75 - [STDERR_REDIRECT] 
2024-05-04 16:08:29,238 [INFO] LogOutputStream:77 - [STDOUT_REDIRECT] 
2024-05-04 16:08:32,736 [INFO] LogOutputStream:77 - [STDOUT_REDIRECT] 
2024-05-04 16:08:33,279 [ERROR] LogOutputStream:75 - [STDERR_REDIRECT] java.net.URISyntaxException: Illegal character in path at index 35: file:/Users/apiskadlo/Documents/All Work/U of U/2024 School/Spring 2024/Embedded Systems/Labs/Lab 2/embedded-systems-template-main/.metadata/.log4j2.xml
2024-05-04 16:08:33,280 [ERROR] LogOutputStream:75 - [STDERR_REDIRECT] 	at java.base/java.net.URI$Parser.fail(URI.java:2976)
2024-05-04 16:08:33,280 [ERROR] LogOutputStream:75 - [STDERR_REDIRECT] 	at java.base/java.net.URI$Parser.checkChars(URI.java:3147)
2024-05-04 16:08:33,280 [ERROR] LogOutputStream:75 - [STDERR_REDIRECT] 	at java.base/java.net.URI$Parser.parseHierarchical(URI.java:3229)
2024-05-04 16:08:33,281 [ERROR] LogOutputStream:75 - [STDERR_REDIRECT] 	at java.base/java.net.URI$Parser.parse(URI.java:3177)
2024-05-04 16:08:33,281 [ERROR] LogOutputStream:75 - [STDERR_REDIRECT] 	at java.base/java.net.URI.<init>(URI.java:623)
2024-05-04 16:08:33,281 [ERROR] LogOutputStream:75 - [STDERR_REDIRECT] 	at java.base/java.net.URL.toURI(URL.java:1056)
2024-05-04 16:08:33,281 [ERROR] LogOutputStream:75 - [STDERR_REDIRECT] 	at com.st.stm32cube.common.mx.core.CubeMxInstance.getInstance(CubeMxInstance.java:81)
2024-05-04 16:08:33,281 [ERROR] LogOutputStream:75 - [STDERR_REDIRECT] 	at com.st.stm32cube.common.mx.userauth.UserAuthAdapter.<init>(UserAuthAdapter.java:25)
2024-05-04 16:08:33,282 [ERROR] LogOutputStream:75 - [STDERR_REDIRECT] 	at com.st.stm32cube.common.mx.userauth.UserAuthProvider.getUserAuthAdapter(UserAuthProvider.java:16)
2024-05-04 16:08:33,282 [ERROR] LogOutputStream:75 - [STDERR_REDIRECT] 	at com.st.stm32cube.common.ecosystemintegration.ui.core.MCUEcoSystemIntegrationUiHelper.getUserAuth(MCUEcoSystemIntegrationUiHelper.java:100)
2024-05-04 16:08:33,282 [ERROR] LogOutputStream:75 - [STDERR_REDIRECT] 	at com.st.stm32cube.ide.mcu.userauth.UserAuthStartup.earlyStartup(UserAuthStartup.java:41)
2024-05-04 16:08:33,282 [ERROR] LogOutputStream:75 - [STDERR_REDIRECT] 	at org.eclipse.ui.internal.EarlyStartupRunnable.runEarlyStartup(EarlyStartupRunnable.java:79)
2024-05-04 16:08:33,282 [ERROR] LogOutputStream:75 - [STDERR_REDIRECT] 	at org.eclipse.ui.internal.EarlyStartupRunnable.run(EarlyStartupRunnable.java:55)
2024-05-04 16:08:33,283 [ERROR] LogOutputStream:75 - [STDERR_REDIRECT] 	at org.eclipse.core.runtime.SafeRunner.run(SafeRunner.java:45)
2024-05-04 16:08:33,283 [ERROR] LogOutputStream:75 - [STDERR_REDIRECT] 	at org.eclipse.ui.internal.Workbench$39.run(Workbench.java:2737)
2024-05-04 16:08:33,283 [ERROR] LogOutputStream:75 - [STDERR_REDIRECT] 	at org.eclipse.core.internal.jobs.Worker.run(Worker.java:63)
2024-05-04 16:08:33,414 [INFO] ApplicationProperties:184 - Using Application install path: /Applications/STM32CubeIDE.app/Contents/Eclipse/plugins/com.st.stm32cube.common.mx_6.10.0.202311202037
2024-05-04 16:08:33,430 [INFO] DbMcusXml:78 - Set database path to: /Applications/STM32CubeIDE.app/Contents/Eclipse/plugins/com.st.stm32cube.common.mx_6.10.0.202311202037//db//mcu/
2024-05-04 16:08:33,431 [INFO] ApiDb:274 - Set plugin database path to: /Applications/STM32CubeIDE.app/Contents/Eclipse/plugins/com.st.stm32cube.common.mx_6.10.0.202311202037//db//plugins/boardmanager/
2024-05-04 16:08:33,431 [WARN] ApiDb:259 - Overriding images path with different value:  => /Applications/STM32CubeIDE.app/Contents/Eclipse/plugins/com.st.stm32cube.common.mx_6.10.0.202311202037//db//plugins/mcufinder/images/
2024-05-04 16:08:33,440 [INFO] ApiDb:250 - Set database path to: /Users/apiskadlo/.stmcufinder/plugins/mcufinder//mcu/
2024-05-04 16:08:33,441 [INFO] DbMcusAds:125 - Set database path to: /Users/apiskadlo/.stmcufinder/plugins/mcufinder//mcu/
2024-05-04 16:08:33,443 [INFO] CrossReferenceDbSqlite:203 - Set database path to: /Users/apiskadlo/.stmcufinder/plugins/mcufinder//mcu/cs/
2024-05-04 16:08:33,539 [INFO] RulesReader:64 - Compatibility file has been processed (297 Rules)
2024-05-04 16:08:33,603 [INFO] DbMcusXml:78 - Set database path to: /Applications/STM32CubeIDE.app/Contents/Eclipse/plugins/com.st.stm32cube.common.mx_6.10.0.202311202037//db//mcu/
2024-05-04 16:08:33,603 [INFO] ApiDb:274 - Set plugin database path to: /Applications/STM32CubeIDE.app/Contents/Eclipse/plugins/com.st.stm32cube.common.mx_6.10.0.202311202037//db//plugins/boardmanager/
2024-05-04 16:08:33,603 [INFO] ApiDb:261 - Set plugin images path to: /Applications/STM32CubeIDE.app/Contents/Eclipse/plugins/com.st.stm32cube.common.mx_6.10.0.202311202037//db//plugins/mcufinder/images/
2024-05-04 16:08:33,603 [WARN] DbFile:41 - Overriding database path with different value: /Users/apiskadlo/.stmcufinder/plugins/mcufinder/ => /Users/apiskadlo/.stmcufinder/plugins/mcufinder
2024-05-04 16:08:33,603 [INFO] ApiDb:250 - Set database path to: /Users/apiskadlo/.stmcufinder/plugins/mcufinder//mcu/
2024-05-04 16:08:33,604 [WARN] DbFile:41 - Overriding database path with different value: /Users/apiskadlo/.stmcufinder/plugins/mcufinder/ => /Users/apiskadlo/.stmcufinder/plugins/mcufinder
2024-05-04 16:08:33,604 [INFO] DbMcusAds:125 - Set database path to: /Users/apiskadlo/.stmcufinder/plugins/mcufinder//mcu/
2024-05-04 16:08:33,604 [WARN] DbFile:41 - Overriding database path with different value: /Users/apiskadlo/.stmcufinder/plugins/mcufinder/ => /Users/apiskadlo/.stmcufinder/plugins/mcufinder
2024-05-04 16:08:33,604 [WARN] DbFile:41 - Overriding database path with different value: /Users/apiskadlo/.stmcufinder/plugins/mcufinder/ => /Users/apiskadlo/.stmcufinder/plugins/mcufinder
2024-05-04 16:08:33,604 [INFO] CrossReferenceDbSqlite:203 - Set database path to: /Users/apiskadlo/.stmcufinder/plugins/mcufinder//mcu/cs/
2024-05-04 16:08:33,678 [INFO] MainPanel:264 - HeapMemory: 268435456
2024-05-04 16:08:33,762 [INFO] DbMcusXml:78 - Set database path to: /Applications/STM32CubeIDE.app/Contents/Eclipse/plugins/com.st.stm32cube.common.mx_6.10.0.202311202037//db//mcu/
2024-05-04 16:08:33,762 [INFO] ApiDb:274 - Set plugin database path to: /Applications/STM32CubeIDE.app/Contents/Eclipse/plugins/com.st.stm32cube.common.mx_6.10.0.202311202037//db//plugins/boardmanager/
2024-05-04 16:08:33,763 [INFO] ApiDb:261 - Set plugin images path to: /Applications/STM32CubeIDE.app/Contents/Eclipse/plugins/com.st.stm32cube.common.mx_6.10.0.202311202037//db//plugins/mcufinder/images/
2024-05-04 16:08:33,763 [WARN] DbFile:41 - Overriding database path with different value: /Users/apiskadlo/.stmcufinder/plugins/mcufinder/ => /Users/apiskadlo/.stmcufinder/plugins/mcufinder
2024-05-04 16:08:33,763 [INFO] ApiDb:250 - Set database path to: /Users/apiskadlo/.stmcufinder/plugins/mcufinder//mcu/
2024-05-04 16:08:33,763 [WARN] DbFile:41 - Overriding database path with different value: /Users/apiskadlo/.stmcufinder/plugins/mcufinder/ => /Users/apiskadlo/.stmcufinder/plugins/mcufinder
2024-05-04 16:08:33,763 [INFO] DbMcusAds:125 - Set database path to: /Users/apiskadlo/.stmcufinder/plugins/mcufinder//mcu/
2024-05-04 16:08:33,763 [WARN] DbFile:41 - Overriding database path with different value: /Users/apiskadlo/.stmcufinder/plugins/mcufinder/ => /Users/apiskadlo/.stmcufinder/plugins/mcufinder
2024-05-04 16:08:33,763 [WARN] DbFile:41 - Overriding database path with different value: /Users/apiskadlo/.stmcufinder/plugins/mcufinder/ => /Users/apiskadlo/.stmcufinder/plugins/mcufinder
2024-05-04 16:08:33,764 [INFO] CrossReferenceDbSqlite:203 - Set database path to: /Users/apiskadlo/.stmcufinder/plugins/mcufinder//mcu/cs/
2024-05-04 16:08:33,778 [INFO] ApplicationProperties:184 - Using Application install path: /Applications/STM32CubeIDE.app/Contents/Eclipse/plugins/com.st.stm32cube.common.mx_6.10.0.202311202037
2024-05-04 16:08:33,780 [INFO] PluginManage:196 - Search for loadable plugins [exclusion list=, ]
2024-05-04 16:08:33,781 [INFO] PluginManage:310 - Check plugin analytics
2024-05-04 16:08:33,911 [INFO] AnalyticsPlugin:253 - Accepted Software Licenses: STM32CubeMX.6.11.0
2024-05-04 16:08:33,911 [INFO] AnalyticsPlugin:255 - Accepted CMSIS Pack Licenses: RoweBots.I-CUBE-UNISONRTOS.5.5.0-4
2024-05-04 16:08:33,911 [INFO] AnalyticsPlugin:257 - Accepted Firmware Licenses: 
2024-05-04 16:08:33,914 [INFO] PluginManage:359 - Loaded plugin analytics (category:tool,tabindex:-1)
2024-05-04 16:08:33,914 [INFO] PluginManage:310 - Check plugin cadmodel
2024-05-04 16:08:34,712 [INFO] CADModel:105 - Init CAD model plugin
2024-05-04 16:08:34,712 [INFO] PluginManage:359 - Loaded plugin cadmodel (category:power,tabindex:5)
2024-05-04 16:08:34,712 [INFO] PluginManage:310 - Check plugin clock
2024-05-04 16:08:34,721 [INFO] PluginManage:359 - Loaded plugin clock (category:base,tabindex:2)
2024-05-04 16:08:34,721 [INFO] PluginManage:310 - Check plugin ddr
2024-05-04 16:08:34,724 [INFO] PluginManage:359 - Loaded plugin ddr (category:tool,tabindex:6)
2024-05-04 16:08:34,724 [INFO] PluginManage:310 - Check plugin filemanager
2024-05-04 16:08:34,839 [INFO] PluginManage:359 - Loaded plugin filemanager (category:base,tabindex:10)
2024-05-04 16:08:34,839 [INFO] PluginManage:310 - Check plugin ipmanager
2024-05-04 16:08:34,845 [INFO] PluginManage:359 - Loaded plugin ipmanager (category:base,tabindex:5)
2024-05-04 16:08:34,845 [INFO] PluginManage:310 - Check plugin lpbam
2024-05-04 16:08:34,853 [INFO] PluginManage:359 - Loaded plugin lpbam (category:base,tabindex:0)
2024-05-04 16:08:34,853 [INFO] PluginManage:310 - Check plugin memorymap
2024-05-04 16:08:34,865 [INFO] PluginManage:359 - Loaded plugin memorymap (category:base,tabindex:4)
2024-05-04 16:08:34,865 [INFO] PluginManage:310 - Check plugin pinoutandconfiguration
2024-05-04 16:08:34,871 [INFO] PluginManage:359 - Loaded plugin pinoutandconfiguration (category:base,tabindex:1)
2024-05-04 16:08:34,871 [INFO] PluginManage:310 - Check plugin pinoutconfig
2024-05-04 16:08:34,942 [WARN] SupportedApi:132 - Cannot load RTOS API schema: s4s-elt-must-match.1: The content of 'definitions' must match (annotation?, (simpleType | complexType)?, (unique | key | keyref)*)). A problem was found starting at: attribute.
2024-05-04 16:08:35,063 [INFO] PluginManage:359 - Loaded plugin pinoutconfig (category:base,tabindex:0)
2024-05-04 16:08:35,063 [INFO] PluginManage:310 - Check plugin power
2024-05-04 16:08:35,072 [INFO] PluginManage:359 - Loaded plugin power (category:power,tabindex:4)
2024-05-04 16:08:35,072 [INFO] PluginManage:310 - Check plugin projectmanager
2024-05-04 16:08:35,086 [INFO] PluginManage:359 - Loaded plugin projectmanager (category:projectmanager,tabindex:3)
2024-05-04 16:08:35,086 [INFO] PluginManage:310 - Check plugin thirdparty
2024-05-04 16:08:35,194 [INFO] PluginManage:359 - Loaded plugin thirdparty (category:base,tabindex:-1)
2024-05-04 16:08:35,194 [WARN] IntegrityCheckThread:84 - waiting for thirdparty lock release [integrity check]
2024-05-04 16:08:35,194 [INFO] PluginManage:310 - Check plugin tools
2024-05-04 16:08:35,195 [INFO] IntegrityCheckThread:86 - entering critical section [integrity check]
2024-05-04 16:08:35,195 [INFO] ThirdPartyUpdaterWithRetryManager:70 - Updater plugin not ready yet. [1/15]
2024-05-04 16:08:35,197 [INFO] PluginManage:359 - Loaded plugin tools (category:base,tabindex:7)
2024-05-04 16:08:35,197 [INFO] PluginManage:310 - Check plugin tutovideos
2024-05-04 16:08:35,331 [INFO] PluginManage:359 - Loaded plugin tutovideos (category:base,tabindex:-1)
2024-05-04 16:08:35,331 [INFO] PluginManage:310 - Check plugin updater
2024-05-04 16:08:35,342 [INFO] PluginManage:359 - Loaded plugin updater (category:base,tabindex:12)
2024-05-04 16:08:35,342 [INFO] PluginManage:310 - Check plugin userauth
2024-05-04 16:08:35,346 [INFO] UserAuth:114 - Init User Auth plugin
2024-05-04 16:08:35,346 [INFO] PluginManage:359 - Loaded plugin userauth (category:base,tabindex:14)
2024-05-04 16:08:35,346 [INFO] PluginManage:283 - PluginManage : Loaded plugins [17]
2024-05-04 16:08:35,509 [INFO] PinOutPanel:1499 - setPackage(No Configuration,No Configuration)
2024-05-04 16:08:35,571 [INFO] CADModel:165 - CPN selected for project level
2024-05-04 16:08:35,571 [INFO] CADModel:114 - Register for checkConnection events
2024-05-04 16:08:35,582 [INFO] IPUIPlugin:80 - create IPUIPlugin
2024-05-04 16:08:35,582 [INFO] PluginManager:220 - loadIPPluginJar : add mdma
2024-05-04 16:08:35,589 [INFO] IPUIPlugin:80 - create IPUIPlugin
2024-05-04 16:08:35,589 [INFO] PluginManager:220 - loadIPPluginJar : add freertos
2024-05-04 16:08:35,592 [INFO] IPUIPlugin:80 - create IPUIPlugin
2024-05-04 16:08:35,593 [INFO] PluginManager:220 - loadIPPluginJar : add gic
2024-05-04 16:08:35,601 [INFO] IPUIPlugin:80 - create IPUIPlugin
2024-05-04 16:08:35,601 [INFO] PluginManager:220 - loadIPPluginJar : add adc
2024-05-04 16:08:35,604 [INFO] IPUIPlugin:80 - create IPUIPlugin
2024-05-04 16:08:35,604 [INFO] PluginManager:220 - loadIPPluginJar : add gtzc
2024-05-04 16:08:35,606 [INFO] IPUIPlugin:80 - create IPUIPlugin
2024-05-04 16:08:35,606 [INFO] PluginManager:220 - loadIPPluginJar : add quadspi
2024-05-04 16:08:35,608 [INFO] IPUIPlugin:80 - create IPUIPlugin
2024-05-04 16:08:35,608 [INFO] PluginManager:220 - loadIPPluginJar : add aes
2024-05-04 16:08:35,610 [INFO] IPUIPlugin:80 - create IPUIPlugin
2024-05-04 16:08:35,610 [INFO] PluginManager:220 - loadIPPluginJar : add pdm2pcm
2024-05-04 16:08:35,612 [INFO] IPUIPlugin:80 - create IPUIPlugin
2024-05-04 16:08:35,612 [INFO] PluginManager:220 - loadIPPluginJar : add hash
2024-05-04 16:08:35,614 [INFO] IPUIPlugin:80 - create IPUIPlugin
2024-05-04 16:08:35,614 [INFO] PluginManager:220 - loadIPPluginJar : add tim
2024-05-04 16:08:35,615 [INFO] IPUIPlugin:80 - create IPUIPlugin
2024-05-04 16:08:35,615 [INFO] PluginManager:220 - loadIPPluginJar : add tsc
2024-05-04 16:08:35,616 [INFO] IPUIPlugin:80 - create IPUIPlugin
2024-05-04 16:08:35,616 [INFO] PluginManager:220 - loadIPPluginJar : add ts
2024-05-04 16:08:35,618 [INFO] IPUIPlugin:80 - create IPUIPlugin
2024-05-04 16:08:35,618 [INFO] PluginManager:220 - loadIPPluginJar : add can
2024-05-04 16:08:35,620 [INFO] IPUIPlugin:80 - create IPUIPlugin
2024-05-04 16:08:35,620 [INFO] PluginManager:220 - loadIPPluginJar : add dma3
2024-05-04 16:08:35,621 [INFO] IPUIPlugin:80 - create IPUIPlugin
2024-05-04 16:08:35,621 [INFO] PluginManager:220 - loadIPPluginJar : add dfsdm
2024-05-04 16:08:35,623 [INFO] IPUIPlugin:80 - create IPUIPlugin
2024-05-04 16:08:35,623 [INFO] PluginManager:220 - loadIPPluginJar : add spi
2024-05-04 16:08:35,625 [INFO] IPUIPlugin:80 - create IPUIPlugin
2024-05-04 16:08:35,625 [INFO] PluginManager:220 - loadIPPluginJar : add gfxmmu
2024-05-04 16:08:35,626 [INFO] IPUIPlugin:80 - create IPUIPlugin
2024-05-04 16:08:35,626 [INFO] PluginManager:220 - loadIPPluginJar : add genericplugin
2024-05-04 16:08:35,627 [INFO] IPUIPlugin:80 - create IPUIPlugin
2024-05-04 16:08:35,627 [INFO] PluginManager:220 - loadIPPluginJar : add cryp
2024-05-04 16:08:35,631 [INFO] IPUIPlugin:80 - create IPUIPlugin
2024-05-04 16:08:35,631 [INFO] PluginManager:220 - loadIPPluginJar : add gpio
2024-05-04 16:08:35,632 [INFO] IPUIPlugin:80 - create IPUIPlugin
2024-05-04 16:08:35,632 [INFO] PluginManager:220 - loadIPPluginJar : add comp
2024-05-04 16:08:35,633 [INFO] IPUIPlugin:80 - create IPUIPlugin
2024-05-04 16:08:35,633 [INFO] PluginManager:220 - loadIPPluginJar : add tracer_emb
2024-05-04 16:08:35,635 [INFO] IPUIPlugin:80 - create IPUIPlugin
2024-05-04 16:08:35,636 [INFO] PluginManager:220 - loadIPPluginJar : add openamp
2024-05-04 16:08:35,640 [INFO] IPUIPlugin:80 - create IPUIPlugin
2024-05-04 16:08:35,641 [INFO] PluginManager:220 - loadIPPluginJar : add stm32_wpan
2024-05-04 16:08:35,646 [INFO] IPUIPlugin:80 - create IPUIPlugin
2024-05-04 16:08:35,648 [INFO] PluginManager:220 - loadIPPluginJar : add plateformsettings
2024-05-04 16:08:35,651 [INFO] IPUIPlugin:80 - create IPUIPlugin
2024-05-04 16:08:35,651 [INFO] PluginManager:220 - loadIPPluginJar : add ipddr
2024-05-04 16:08:35,653 [INFO] IPUIPlugin:80 - create IPUIPlugin
2024-05-04 16:08:35,653 [INFO] PluginManager:220 - loadIPPluginJar : add usart
2024-05-04 16:08:35,654 [INFO] IPUIPlugin:80 - create IPUIPlugin
2024-05-04 16:08:35,654 [INFO] PluginManager:220 - loadIPPluginJar : add ltdc
2024-05-04 16:08:35,657 [INFO] IPUIPlugin:80 - create IPUIPlugin
2024-05-04 16:08:35,657 [INFO] PluginManager:220 - loadIPPluginJar : add nvic
2024-05-04 16:08:35,658 [INFO] IPUIPlugin:80 - create IPUIPlugin
2024-05-04 16:08:35,658 [INFO] PluginManager:220 - loadIPPluginJar : add fatfs
2024-05-04 16:08:35,663 [INFO] IPUIPlugin:80 - create IPUIPlugin
2024-05-04 16:08:35,664 [INFO] PluginManager:220 - loadIPPluginJar : add linkedlist
2024-05-04 16:08:35,668 [INFO] IPUIPlugin:80 - create IPUIPlugin
2024-05-04 16:08:35,668 [INFO] PluginManager:220 - loadIPPluginJar : add dma
2024-05-04 16:08:35,671 [INFO] IPUIPlugin:80 - create IPUIPlugin
2024-05-04 16:08:35,671 [INFO] PluginManager:220 - loadIPPluginJar : add fmc
2024-05-04 16:08:35,673 [INFO] IPUIPlugin:80 - create IPUIPlugin
2024-05-04 16:08:35,673 [INFO] PluginManager:220 - loadIPPluginJar : add i2s
2024-05-04 16:08:35,674 [INFO] IPUIPlugin:80 - create IPUIPlugin
2024-05-04 16:08:35,674 [INFO] PluginManager:220 - loadIPPluginJar : add ucpd
2024-05-04 16:08:35,676 [INFO] IPUIPlugin:80 - create IPUIPlugin
2024-05-04 16:08:35,676 [INFO] PluginManager:220 - loadIPPluginJar : add lorawan
2024-05-04 16:08:35,677 [INFO] IPUIPlugin:80 - create IPUIPlugin
2024-05-04 16:08:35,678 [INFO] PluginManager:220 - loadIPPluginJar : add opamp
2024-05-04 16:08:35,680 [INFO] IPUIPlugin:80 - create IPUIPlugin
2024-05-04 16:08:35,680 [INFO] PluginManager:220 - loadIPPluginJar : add i3c
2024-05-04 16:08:35,682 [INFO] IPUIPlugin:80 - create IPUIPlugin
2024-05-04 16:08:35,682 [INFO] PluginManager:220 - loadIPPluginJar : add touchsensing
2024-05-04 16:08:35,684 [INFO] IPUIPlugin:80 - create IPUIPlugin
2024-05-04 16:08:35,685 [INFO] PluginManager:220 - loadIPPluginJar : add i2c
2024-05-04 16:08:35,687 [INFO] IPUIPlugin:80 - create IPUIPlugin
2024-05-04 16:08:35,687 [INFO] PluginManager:220 - loadIPPluginJar : add resmgrutility
2024-05-04 16:08:35,689 [INFO] IPUIPlugin:80 - create IPUIPlugin
2024-05-04 16:08:35,689 [INFO] PluginManager:220 - loadIPPluginJar : add sai
2024-05-04 16:08:35,692 [INFO] IPUIPlugin:80 - create IPUIPlugin
2024-05-04 16:08:35,692 [INFO] PluginManager:220 - loadIPPluginJar : add usbx
2024-05-04 16:08:35,795 [INFO] CADModel:165 - CPN selected for project level
2024-05-04 16:08:35,795 [INFO] CADModel:114 - Register for checkConnection events
2024-05-04 16:08:35,796 [FATAL] Updater:308 - Updater called before beeing initialized
2024-05-04 16:08:35,796 [ERROR] CADModel:125 - Updater not yet initialized, retry later 
2024-05-04 16:08:35,953 [INFO] CADModel:165 - CPN selected for project level
2024-05-04 16:08:35,953 [INFO] CADModel:114 - Register for checkConnection events
2024-05-04 16:08:35,953 [FATAL] Updater:308 - Updater called before beeing initialized
2024-05-04 16:08:35,953 [ERROR] CADModel:125 - Updater not yet initialized, retry later 
2024-05-04 16:08:35,957 [FATAL] Updater:308 - Updater called before beeing initialized
2024-05-04 16:08:36,052 [FATAL] Updater:308 - Updater called before beeing initialized
2024-05-04 16:08:36,056 [INFO] DbMcusAds:53 - JSON generation date=Wed Nov 29 03:52:27 MST 2023 (1701255147349)
2024-05-04 16:08:36,057 [FATAL] Updater:308 - Updater called before beeing initialized
2024-05-04 16:08:36,128 [WARN] DetailPanel:346 - Failed to get advertising image, set to default
2024-05-04 16:08:36,203 [FATAL] Updater:308 - Updater called before beeing initialized
2024-05-04 16:08:36,204 [FATAL] Updater:308 - Updater called before beeing initialized
2024-05-04 16:08:36,204 [FATAL] Updater:308 - Updater called before beeing initialized
2024-05-04 16:08:36,204 [WARN] DetailPanel:346 - Failed to get advertising image, set to default
2024-05-04 16:08:36,205 [FATAL] Updater:308 - Updater called before beeing initialized
2024-05-04 16:08:36,232 [ERROR] Updater:1120 - MainUpdater not yet initialized. External WinMGr cannot be set.
2024-05-04 16:08:36,252 [INFO] Updater:1056 - Updater Version found : 6.10.0
2024-05-04 16:08:36,270 [INFO] ApplicationProperties:184 - Using Application install path: /Applications/STM32CubeIDE.app/Contents/Eclipse/plugins/com.st.stm32cube.common.mx_6.10.0.202311202037
2024-05-04 16:08:36,570 [INFO] MainUpdater:2873 - connection check result : 10
2024-05-04 16:08:36,570 [INFO] MainUpdater:3567 - Updater definition file requires update
2024-05-04 16:08:36,571 [INFO] MainUpdater:290 - Updater Check For Update Now.
2024-05-04 16:08:36,571 [INFO] MicroXplorer:498 - Change Database Version : DB.6.0.100
2024-05-04 16:08:36,574 [INFO] McuFinderGlobals:63 - Set McuFinder mode to 2 (CubeIDE integrated)
2024-05-04 16:08:36,574 [INFO] UserAuth:180 - activating auth plugin
2024-05-04 16:08:36,577 [INFO] UserAuth:404 - Internet connection configuration mode: 1
2024-05-04 16:08:36,593 [INFO] JxBrowserEngine:152 - Initiate JxBrowser Engine with user profile folder
2024-05-04 16:08:36,597 [INFO] ServerAccessManage:473 - Download File updaters.zip
2024-05-04 16:08:36,671 [INFO] FileExtend:240 - Unzip File : updaters.zip
2024-05-04 16:08:36,672 [INFO] FileExtend:255 - Standard Zip Deflate
2024-05-04 16:08:36,970 [INFO] ServerAccessManage:473 - Download File PacksControlFlags.xml
2024-05-04 16:08:37,028 [INFO] ServerAccessManage:473 - Download File cubemx.pidx
2024-05-04 16:08:38,196 [WARN] MainUpdater:1194 - Updater busy. Cannot search thirdparties
2024-05-04 16:08:38,231 [INFO] ThirdPartyUpdaterWithRetryManager:96 - Updater plugin is busy. [1/15]
2024-05-04 16:08:38,403 [INFO] WebApp:161 - Instantiating new browser for Auth
2024-05-04 16:08:38,862 [INFO] ServerAccessManage:473 - Download File STMicroelectronics.FP-SNS-MOTENVWB1.pdsc
2024-05-04 16:08:39,378 [INFO] WebApp:780 - Register for checkConnection events
2024-05-04 16:08:39,378 [INFO] WebApp:414 - Apply proxy settings
2024-05-04 16:08:39,381 [INFO] WebApp:459 - Chromium authenticates against Manually configured proxy
2024-05-04 16:08:39,386 [INFO] WebApp:467 - Username used for proxy authentication: 
2024-05-04 16:08:39,535 [INFO] WebApp:192 - Starting web application
2024-05-04 16:08:39,535 [INFO] WebApp:544 - Web application path used /Applications/STM32CubeIDE.app/Contents/Eclipse/plugins/com.st.stm32cube.common.mx_6.10.0.202311202037/db/plugins/mcufinder/reactClient1/index.html
2024-05-04 16:08:40,105 [ERROR] LogOutputStream:75 - [STDERR_REDIRECT] [Fatal Error] :2:10: DOCTYPE is disallowed when the feature "http://apache.org/xml/features/disallow-doctype-decl" set to true.
2024-05-04 16:08:40,105 [ERROR] LogOutputStream:75 - [STDERR_REDIRECT] 
2024-05-04 16:08:41,232 [WARN] MainUpdater:1194 - Updater busy. Cannot search thirdparties
2024-05-04 16:08:41,232 [INFO] ThirdPartyUpdaterWithRetryManager:96 - Updater plugin is busy. [2/15]
2024-05-04 16:08:41,732 [INFO] ServerAccessManage:473 - Download File STMicroelectronics.X-CUBE-AI.pdsc
2024-05-04 16:08:44,233 [WARN] MainUpdater:1194 - Updater busy. Cannot search thirdparties
2024-05-04 16:08:44,233 [INFO] ThirdPartyUpdaterWithRetryManager:96 - Updater plugin is busy. [3/15]
2024-05-04 16:08:47,234 [WARN] MainUpdater:1194 - Updater busy. Cannot search thirdparties
2024-05-04 16:08:47,234 [INFO] ThirdPartyUpdaterWithRetryManager:96 - Updater plugin is busy. [4/15]
2024-05-04 16:08:50,238 [WARN] MainUpdater:1194 - Updater busy. Cannot search thirdparties
2024-05-04 16:08:50,238 [INFO] ThirdPartyUpdaterWithRetryManager:96 - Updater plugin is busy. [5/15]
2024-05-04 16:08:53,242 [WARN] MainUpdater:1194 - Updater busy. Cannot search thirdparties
2024-05-04 16:08:53,242 [INFO] ThirdPartyUpdaterWithRetryManager:96 - Updater plugin is busy. [6/15]
2024-05-04 16:08:54,432 [INFO] ServerAccessManage:473 - Download File STMicroelectronics.X-CUBE-FREERTOS.pdsc
2024-05-04 16:08:56,246 [WARN] MainUpdater:1194 - Updater busy. Cannot search thirdparties
2024-05-04 16:08:56,247 [INFO] ThirdPartyUpdaterWithRetryManager:96 - Updater plugin is busy. [7/15]
2024-05-04 16:08:58,626 [INFO] ServerAccessManage:473 - Download File STMicroelectronics.X-CUBE-AZRTOS-H7RS.pdsc
2024-05-04 16:08:59,251 [WARN] MainUpdater:1194 - Updater busy. Cannot search thirdparties
2024-05-04 16:08:59,252 [INFO] ThirdPartyUpdaterWithRetryManager:96 - Updater plugin is busy. [8/15]
2024-05-04 16:09:00,196 [ERROR] LogOutputStream:75 - [STDERR_REDIRECT] SLF4J: Failed to load class "org.slf4j.impl.StaticLoggerBinder".
2024-05-04 16:09:00,197 [ERROR] LogOutputStream:75 - [STDERR_REDIRECT] SLF4J: Defaulting to no-operation (NOP) logger implementation
2024-05-04 16:09:00,197 [ERROR] LogOutputStream:75 - [STDERR_REDIRECT] SLF4J: See http://www.slf4j.org/codes.html#StaticLoggerBinder for further details.
2024-05-04 16:09:01,105 [INFO] ServerAccessManage:473 - Download File Cesanta.I-CUBE-Mongoose.pdsc
2024-05-04 16:09:02,255 [WARN] MainUpdater:1194 - Updater busy. Cannot search thirdparties
2024-05-04 16:09:02,256 [INFO] ThirdPartyUpdaterWithRetryManager:96 - Updater plugin is busy. [9/15]
2024-05-04 16:09:05,260 [WARN] MainUpdater:1194 - Updater busy. Cannot search thirdparties
2024-05-04 16:09:05,261 [INFO] ThirdPartyUpdaterWithRetryManager:96 - Updater plugin is busy. [10/15]
2024-05-04 16:09:08,265 [WARN] MainUpdater:1194 - Updater busy. Cannot search thirdparties
2024-05-04 16:09:08,265 [INFO] ThirdPartyUpdaterWithRetryManager:96 - Updater plugin is busy. [11/15]
2024-05-04 16:09:09,494 [ERROR] ServerAccessManage:1089 - Problem, file not found on Server
2024-05-04 16:09:09,549 [WARN] PackLoader:240 - Cannot read IP mode file for STMicroelectronics.FP-SNS-MOTENVWB1.1.4.0
2024-05-04 16:09:09,556 [WARN] PackLoader:240 - Cannot read IP mode file for STMicroelectronics.X-CUBE-AI.9.0.0
2024-05-04 16:09:09,563 [WARN] PackLoader:240 - Cannot read IP mode file for STMicroelectronics.X-CUBE-FREERTOS.1.2.0
2024-05-04 16:09:09,584 [WARN] PackLoader:240 - Cannot read IP mode file for STMicroelectronics.X-CUBE-AZRTOS-H7RS.1.0.0
2024-05-04 16:09:09,592 [WARN] PackLoader:240 - Cannot read IP mode file for Cesanta.I-CUBE-Mongoose.7.13.0
2024-05-04 16:09:09,593 [INFO] PopulateThirdPartyThread:66 - Ending populate Thread
2024-05-04 16:09:09,594 [INFO] ThirdParty:1030 - CMSIS Pack Vendor :STMicroelectronics X-CUBE-FREERTOS 1.2.0
2024-05-04 16:09:09,594 [INFO] ThirdParty:1030 - CMSIS Pack Vendor :Cesanta I-CUBE-Mongoose 7.13.0
2024-05-04 16:09:09,594 [INFO] ThirdParty:1030 - CMSIS Pack Vendor :STMicroelectronics FP-SNS-MOTENVWB1 1.4.0
2024-05-04 16:09:09,594 [INFO] ThirdParty:1030 - CMSIS Pack Vendor :STMicroelectronics X-CUBE-AI 9.0.0
2024-05-04 16:09:09,594 [INFO] ThirdParty:1030 - CMSIS Pack Vendor :STMicroelectronics X-CUBE-AZRTOS-H7RS 1.0.0
2024-05-04 16:09:09,594 [INFO] LoadServerUpdatesThread:375 - End of LoadServerUpdate Thread
2024-05-04 16:09:09,669 [INFO] CheckServerUpdateThread:120 - End of CheckServer Thread
2024-05-04 16:09:11,376 [WARN] PackLoader:240 - Cannot read IP mode file for STMicroelectronics.FP-SNS-MOTENVWB1.1.4.0
2024-05-04 16:09:11,380 [WARN] PackLoader:240 - Cannot read IP mode file for STMicroelectronics.X-CUBE-SMBUS.2.1.0
2024-05-04 16:09:11,384 [WARN] PackLoader:240 - Cannot read IP mode file for STMicroelectronics.X-CUBE-TOUCHGFX.4.23.0
2024-05-04 16:09:11,386 [WARN] PackLoader:240 - Cannot read IP mode file for STMicroelectronics.X-CUBE-TOUCHGFX.4.23.2
2024-05-04 16:09:11,409 [WARN] PackLoader:240 - Cannot read IP mode file for STMicroelectronics.X-CUBE-AZRTOS-F7.1.1.0
2024-05-04 16:09:11,417 [WARN] PackLoader:240 - Cannot read IP mode file for STMicroelectronics.FP-SNS-MOTENV1.4.3.2
2024-05-04 16:09:11,422 [WARN] PackLoader:240 - Cannot read IP mode file for STMicroelectronics.FP-SNS-FLIGHT1.5.0.2
2024-05-04 16:09:11,428 [WARN] PackLoader:240 - Cannot read IP mode file for STMicroelectronics.X-CUBE-DISPLAY.3.0.0
2024-05-04 16:09:11,438 [WARN] PackLoader:240 - Cannot read IP mode file for STMicroelectronics.X-CUBE-BLE1.7.0.0
2024-05-04 16:09:11,442 [WARN] PackLoader:240 - Cannot read IP mode file for emotas.I-CUBE-CANOPEN.1.3.0
2024-05-04 16:09:11,453 [WARN] PackLoader:240 - Cannot read IP mode file for STMicroelectronics.X-CUBE-BLEMGR.3.1.0
2024-05-04 16:09:11,461 [WARN] PackLoader:240 - Cannot read IP mode file for STMicroelectronics.FP-SNS-SMARTAG2.1.2.0
2024-05-04 16:09:11,472 [INFO] LogOutputStream:77 - [STDOUT_REDIRECT] 1 : Invalid condition id : UX_CORESTACK_Condition cause : null
2024-05-04 16:09:11,472 [INFO] LogOutputStream:77 - [STDOUT_REDIRECT] 1 : Invalid condition id : UX_CORESTACK_Condition cause : null
2024-05-04 16:09:11,472 [INFO] LogOutputStream:77 - [STDOUT_REDIRECT] 1 : Invalid condition id : UX_CORESTACK_Condition cause : null
2024-05-04 16:09:11,472 [INFO] LogOutputStream:77 - [STDOUT_REDIRECT] 1 : Invalid condition id : UX_CORESTACK_Condition cause : null
2024-05-04 16:09:11,472 [INFO] LogOutputStream:77 - [STDOUT_REDIRECT] 1 : Invalid condition id : UX_CORESTACK_Condition cause : null
2024-05-04 16:09:11,475 [WARN] PackLoader:240 - Cannot read IP mode file for STMicroelectronics.X-CUBE-AZRTOS-WL.2.0.0
2024-05-04 16:09:11,479 [WARN] PackLoader:240 - Cannot read IP mode file for STMicroelectronics.FP-SNS-MOTENV1.5.0.0
2024-05-04 16:09:11,486 [WARN] PackLoader:240 - Cannot read IP mode file for WES.I-CUBE-Cesium.1.3.0
2024-05-04 16:09:11,490 [WARN] PackLoader:240 - Cannot read IP mode file for STMicroelectronics.X-CUBE-BLE2.3.3.0
2024-05-04 16:09:11,493 [WARN] PackLoader:240 - Cannot read IP mode file for STMicroelectronics.X-CUBE-TCPP.4.1.0
2024-05-04 16:09:11,499 [WARN] PackLoader:240 - Cannot read IP mode file for STMicroelectronics.X-CUBE-ALGOBUILD.1.3.0
2024-05-04 16:09:11,514 [WARN] PackLoader:240 - Cannot read IP mode file for STMicroelectronics.X-CUBE-AZRTOS-G0.1.1.0
2024-05-04 16:09:11,522 [WARN] PackLoader:240 - Cannot read IP mode file for STMicroelectronics.X-CUBE-SAFEA1.1.2.2
2024-05-04 16:09:11,528 [WARN] PackLoader:240 - Cannot read IP mode file for STMicroelectronics.X-CUBE-NFC4.3.0.0
2024-05-04 16:09:11,532 [WARN] PackLoader:240 - Cannot read IP mode file for STMicroelectronics.FP-ATR-SIGFOX1.3.2.0
2024-05-04 16:09:11,537 [WARN] PackLoader:240 - Cannot read IP mode file for STMicroelectronics.X-CUBE-EEPRMA1.5.1.0
2024-05-04 16:09:11,565 [WARN] PackLoader:240 - Cannot read IP mode file for SEGGER.I-CUBE-embOS.1.3.1
2024-05-04 16:09:11,605 [WARN] PackLoader:240 - Cannot read IP mode file for STMicroelectronics.X-CUBE-GNSS1.6.0.0
2024-05-04 16:09:11,621 [WARN] PackLoader:240 - Cannot read IP mode file for STMicroelectronics.X-CUBE-AZRTOS-F4.1.1.0
2024-05-04 16:09:11,627 [WARN] PackLoader:240 - Cannot read IP mode file for STMicroelectronics.X-CUBE-FREERTOS.1.2.0
2024-05-04 16:09:11,631 [WARN] PackLoader:240 - Cannot read IP mode file for wolfSSL.I-CUBE-wolfSSL.5.6.6
2024-05-04 16:09:11,645 [WARN] PackLoader:240 - Cannot read IP mode file for STMicroelectronics.X-CUBE-AZRTOS-L5.2.0.0
2024-05-04 16:09:11,654 [WARN] PackLoader:240 - Cannot read IP mode file for STMicroelectronics.X-CUBE-NFC6.3.1.0
2024-05-04 16:09:11,660 [WARN] PackLoader:240 - Cannot read IP mode file for ITTIA_DB.I-CUBE-ITTIADB.8.8.0
2024-05-04 16:09:11,663 [WARN] PackLoader:240 - Cannot read IP mode file for STMicroelectronics.X-CUBE-AI.9.0.0
2024-05-04 16:09:11,669 [WARN] PackLoader:240 - Cannot read IP mode file for STMicroelectronics.X-CUBE-NFC7.1.0.1
2024-05-04 16:09:11,672 [WARN] PackLoader:240 - Cannot read IP mode file for STMicroelectronics.X-CUBE-AI.8.1.0
2024-05-04 16:09:11,691 [WARN] ConditionMgr:438 - getConditionDescription Invalid condition id : LAN8742 Phy interface Condition cause : null
2024-05-04 16:09:11,692 [WARN] PackLoader:240 - Cannot read IP mode file for STMicroelectronics.X-CUBE-AZRTOS-L4.2.0.0
2024-05-04 16:09:11,694 [WARN] ConditionMgr:1039 - genDependencies : Invalid condition id : LAN8742 Phy interface Condition cause : null
2024-05-04 16:09:11,694 [WARN] ConditionMgr:1039 - genDependencies : Invalid condition id : LAN8742 Phy interface Condition cause : null
2024-05-04 16:09:11,694 [WARN] ConditionMgr:1039 - genDependencies : Invalid condition id : LAN8742 Phy interface Condition cause : null
2024-05-04 16:09:11,701 [WARN] PackLoader:240 - Cannot read IP mode file for STMicroelectronics.X-CUBE-SFXS2LP1.4.0.0
2024-05-04 16:09:11,710 [WARN] PackLoader:240 - Cannot read IP mode file for RoweBots.I-CUBE-UNISONRTOS.5.5.0-4
2024-05-04 16:09:11,785 [WARN] ConditionMgr:438 - getConditionDescription Invalid condition id : UX DEVICE CLASS RTOS Condition cause : null
2024-05-04 16:09:11,786 [WARN] ConditionMgr:438 - getConditionDescription Invalid condition id : UX DEVICE CLASS RTOS Condition cause : null
2024-05-04 16:09:11,789 [WARN] PackLoader:240 - Cannot read IP mode file for STMicroelectronics.X-CUBE-AZRTOS-WB.2.0.0
2024-05-04 16:09:11,789 [WARN] ConditionMgr:1039 - genDependencies : Invalid condition id : UX DEVICE CLASS RTOS Condition cause : null
2024-05-04 16:09:11,790 [WARN] ConditionMgr:1039 - genDependencies : Invalid condition id : UX DEVICE CLASS RTOS Condition cause : null
2024-05-04 16:09:11,790 [WARN] ConditionMgr:1039 - genDependencies : Invalid condition id : UX DEVICE CLASS RTOS Condition cause : null
2024-05-04 16:09:11,791 [WARN] ConditionMgr:1039 - genDependencies : Invalid condition id : UX DEVICE CLASS RTOS Condition cause : null
2024-05-04 16:09:11,791 [WARN] ConditionMgr:1039 - genDependencies : Invalid condition id : UX DEVICE CLASS RTOS Condition cause : null
2024-05-04 16:09:11,804 [WARN] PackLoader:240 - Cannot read IP mode file for STMicroelectronics.X-CUBE-SUBG2.5.0.0
2024-05-04 16:09:11,822 [WARN] PackLoader:240 - Cannot read IP mode file for STMicroelectronics.X-CUBE-AZRTOS-G4.2.0.0
2024-05-04 16:09:11,839 [WARN] PackLoader:240 - Cannot read IP mode file for Infineon.AIROC-Wi-Fi-Bluetooth-STM32.1.5.1
2024-05-04 16:09:11,847 [WARN] PackLoader:240 - Cannot read IP mode file for STMicroelectronics.FP-SNS-MOTENVWB1.1.3.1
2024-05-04 16:09:11,852 [WARN] PackLoader:240 - Cannot read IP mode file for STMicroelectronics.X-CUBE-ISPU.2.0.0
2024-05-04 16:09:11,904 [WARN] PackLoader:240 - Cannot read IP mode file for STMicroelectronics.X-CUBE-MEMS1.10.0.0
2024-05-04 16:09:12,024 [WARN] PackLoader:240 - Cannot read IP mode file for STMicroelectronics.X-CUBE-FREERTOS.1.1.0
2024-05-04 16:09:12,029 [WARN] PackLoader:240 - Cannot read IP mode file for portGmbH.I-Cube-SoM-uGOAL.1.1.0
2024-05-04 16:09:12,032 [WARN] PackLoader:240 - Cannot read IP mode file for STMicroelectronics.X-CUBE-ALS.1.0.1
2024-05-04 16:09:12,046 [WARN] PackLoader:240 - Cannot read IP mode file for STMicroelectronics.X-CUBE-AZRTOS-H7RS.1.0.0
2024-05-04 16:09:12,052 [WARN] PackLoader:240 - Cannot read IP mode file for STMicroelectronics.FP-ATR-ASTRA1.2.0.0
2024-05-04 16:09:12,061 [WARN] PackLoader:240 - Cannot read IP mode file for STMicroelectronics.X-CUBE-TOF1.3.4.1
2024-05-04 16:09:12,084 [WARN] PackLoader:240 - Cannot read IP mode file for STMicroelectronics.X-CUBE-AZRTOS-H7.3.2.0
2024-05-04 16:09:12,094 [INFO] ThirdParty:978 - Integrity check success = true
2024-05-04 16:09:12,094 [INFO] IntegrityCheckThread:100 - exiting critical section [integrity check]
2024-05-04 16:09:12,094 [INFO] IntegrityCheckThread:103 - End integrity checks thread
2024-05-04 23:01:16,292 [ERROR] LogOutputStream:75 - [STDERR_REDIRECT] 
